<?xml version="1.0" encoding="UTF-8"?>
<!-- Generated by org.testng.reporters.JUnitReportReporter -->
<testsuite hostname="DESKTOP-SJ95BAU" failures="0" tests="1" name="tests.LoginPageTest" time="11.487" errors="0" timestamp="2023-09-09T22:49:47 IST" skipped="0">
  <testcase classname="tests.LoginPageTest" name="TitleVerify" time="11.487"/>
</testsuite> <!-- tests.LoginPageTest -->
