<?xml version="1.0" encoding="UTF-8"?>
<!-- Generated by org.testng.reporters.JUnitReportReporter -->
<testsuite hostname="DESKTOP-SJ95BAU" failures="0" tests="1" name="tests.TotalLinksTest" time="6.386" errors="0" timestamp="2023-09-24T12:46:35 IST" skipped="0">
  <testcase classname="tests.TotalLinksTest" name="getLinks" time="6.386"/>
</testsuite> <!-- tests.TotalLinksTest -->
